nohup: les entrées sont ignorées
02/08/2022 16:25:59

table_2d_score (40,50) :

   A  R  N  D   C  Q  E  G  H  I  L  K  M  F  P  S  T   W  Y  V
A  5 -3 -3 -3   0 -2 -2 -1 -4 -3 -3 -2 -3 -4 -2  1 -1  -5 -5 -1
R -3  7 -1 -3  -4  1 -1 -5 -1 -5 -4  3 -4 -6 -4 -2 -2  -3 -3 -4
N -3 -1  8  1  -3 -1 -1 -2  0 -6 -6 -1 -4 -6 -4  0 -1  -5 -3 -5
D -3 -3  1  7  -5 -1  2 -3 -2 -8 -7 -2 -6 -8 -3 -2 -2  -6 -5 -7
C  0 -4 -3 -5  10 -4 -6 -3 -4 -2 -3 -5 -2 -3 -5  0  0  -4 -3  0
Q -2  1 -1 -1  -4  7  2 -4  1 -4 -3  1 -1 -5 -3 -1 -2  -4 -3 -4
E -2 -1 -1  2  -6  2  6 -4 -2 -6 -5  0 -4 -7 -2 -2 -2  -5 -5 -4
G -1 -5 -2 -3  -3 -4 -4  7 -4 -8 -7 -4 -6 -7 -5 -1 -4  -7 -7 -6
H -4 -1  0 -2  -4  1 -2 -4  9 -5 -4 -1 -4 -2 -4 -2 -3  -1  1 -5
I -3 -5 -6 -8  -2 -4 -6 -8 -5  5  1 -5  1 -1 -6 -5 -2  -4 -3  3
L -3 -4 -6 -7  -3 -3 -5 -7 -4  1  5 -4  2  0 -6 -5 -3  -2 -2  0
K -2  3 -1 -2  -5  1  0 -4 -1 -5 -4  7 -3 -6 -3 -2 -2  -5 -4 -4
M -3 -4 -4 -6  -2 -1 -4 -6 -4  1  2 -3  8  0 -6 -3 -2  -3 -3  0
F -4 -6 -6 -8  -3 -5 -7 -7 -2 -1  0 -6  0  8 -6 -5 -4   1  3 -2
P -2 -4 -4 -3  -5 -3 -2 -5 -4 -6 -6 -3 -6 -6  9 -2 -3  -5 -6 -4
S  1 -2  0 -2   0 -1 -2 -1 -2 -5 -5 -2 -3 -5 -2  6  1  -5 -4 -4
T -1 -2 -1 -2   0 -2 -2 -4 -3 -2 -3 -2 -2 -4 -3  1  6  -5 -4 -1
W -5 -3 -5 -6  -4 -4 -5 -7 -1 -4 -2 -5 -3  1 -5 -5 -5  12  2 -4
Y -5 -3 -3 -5  -3 -3 -5 -7  1 -3 -2 -4 -3  3 -6 -4 -4   2  8 -3
V -1 -4 -5 -7   0 -4 -4 -6 -5  3  0 -4  0 -2 -4 -4 -1  -4 -3  5


table_2d_proba [40,50]
PSEUDO_COUNTER_2D: 0

          A         R         N  ...         W         Y         V
A  0.529713  0.020791  0.013433  ...  0.002038  0.006357  0.051561
R  0.039346  0.546553  0.022016  ...  0.003519  0.009521  0.016124
N  0.040237  0.034846  0.515861  ...  0.001601  0.010702  0.012713
D  0.037051  0.021444  0.049072  ...  0.001180  0.004811  0.007596
C  0.123904  0.013041  0.013668  ...  0.002314  0.011407  0.064763
Q  0.055718  0.070324  0.029470  ...  0.002461  0.010392  0.019852
E  0.058210  0.038514  0.024672  ...  0.001544  0.006352  0.016351
G  0.074433  0.010965  0.015465  ...  0.000971  0.002678  0.009146
H  0.030101  0.044618  0.040274  ...  0.006305  0.044055  0.014355
I  0.036290  0.009784  0.005093  ...  0.002903  0.009339  0.189544
L  0.033783  0.013904  0.005159  ...  0.004428  0.013983  0.079919
K  0.048433  0.133326  0.027614  ...  0.001895  0.007881  0.018239
M  0.043090  0.016008  0.009912  ...  0.003872  0.012025  0.065381
F  0.023696  0.007178  0.004990  ...  0.015748  0.097023  0.037831
P  0.055789  0.015365  0.009830  ...  0.001528  0.003903  0.018697
S  0.136262  0.025155  0.035009  ...  0.001829  0.007028  0.021534
T  0.077298  0.024185  0.024999  ...  0.002078  0.007599  0.058742
W  0.021361  0.019486  0.005601  ...  0.649296  0.061803  0.018917
Y  0.021548  0.017053  0.012110  ...  0.019989  0.583311  0.022522
V  0.072775  0.012026  0.005991  ...  0.002548  0.009378  0.440766

[20 rows x 20 columns]
SUM OVER A CHARACTER OF DESTINATION:

A    1.0
R    1.0
N    1.0
D    1.0
C    1.0
Q    1.0
E    1.0
G    1.0
H    1.0
I    1.0
L    1.0
K    1.0
M    1.0
F    1.0
P    1.0
S    1.0
T    1.0
W    1.0
Y    1.0
V    1.0
dtype: float64


table_2d_proba [40,50]
PSEUDO_COUNTER_2D: 0.001

          A         R         N  ...         W         Y         V
A  0.529289  0.020826  0.013455  ...  0.002046  0.006382  0.051584
R  0.039412  0.546062  0.022029  ...  0.003525  0.009543  0.016182
N  0.040302  0.034867  0.515381  ...  0.001609  0.010722  0.012775
D  0.037119  0.021478  0.049058  ...  0.001189  0.004837  0.007663
C  0.123886  0.013083  0.013689  ...  0.002322  0.011426  0.064773
Q  0.055767  0.070309  0.029475  ...  0.002469  0.010413  0.019907
E  0.058257  0.038532  0.024682  ...  0.001552  0.006377  0.016409
G  0.074464  0.011009  0.015485  ...  0.000980  0.002706  0.009212
H  0.030176  0.044629  0.040269  ...  0.006309  0.044042  0.014415
I  0.036359  0.009829  0.005123  ...  0.002910  0.009361  0.189429
L  0.033854  0.013946  0.005189  ...  0.004434  0.014000  0.079914
K  0.048490  0.133249  0.027621  ...  0.001904  0.007904  0.018296
M  0.043153  0.016048  0.009938  ...  0.003878  0.012044  0.065391
F  0.023778  0.007226  0.005020  ...  0.015742  0.096957  0.037868
P  0.055839  0.015405  0.009856  ...  0.001536  0.003930  0.018753
S  0.136231  0.025186  0.035009  ...  0.001837  0.007052  0.021588
T  0.077326  0.024217  0.025009  ...  0.002086  0.007622  0.058758
W  0.021445  0.019522  0.005630  ...  0.648657  0.061773  0.018973
Y  0.021631  0.017092  0.012133  ...  0.019979  0.582760  0.022574
V  0.072807  0.012069  0.006020  ...  0.002555  0.009400  0.440400

[20 rows x 20 columns]
SUM OVER A CHARACTER OF DESTINATION:

A    1.0
R    1.0
N    1.0
D    1.0
C    1.0
Q    1.0
E    1.0
G    1.0
H    1.0
I    1.0
L    1.0
K    1.0
M    1.0
F    1.0
P    1.0
S    1.0
T    1.0
W    1.0
Y    1.0
V    1.0
dtype: float64


table_2d_proba [40,50]
PSEUDO_COUNTER_2D: 0.01

          A         R         N  ...         W         Y         V
A  0.525512  0.021137  0.013649  ...  0.002118  0.006602  0.051790
R  0.040000  0.541693  0.022146  ...  0.003584  0.009735  0.016704
N  0.040882  0.035053  0.511102  ...  0.001685  0.010904  0.013327
D  0.037728  0.021783  0.048935  ...  0.001268  0.005071  0.008261
C  0.123721  0.013463  0.013881  ...  0.002390  0.011602  0.064861
Q  0.056210  0.070179  0.029526  ...  0.002536  0.010597  0.020395
E  0.058677  0.038685  0.024776  ...  0.001628  0.006597  0.016929
G  0.074740  0.011408  0.015661  ...  0.001061  0.002959  0.009795
H  0.030846  0.044728  0.040224  ...  0.006342  0.043926  0.014953
I  0.036975  0.010238  0.005391  ...  0.002974  0.009555  0.188407
L  0.034492  0.014318  0.005457  ...  0.004484  0.014152  0.079867
K  0.048997  0.132558  0.027689  ...  0.001976  0.008110  0.018798
M  0.043707  0.016401  0.010163  ...  0.003934  0.012213  0.065474
F  0.024505  0.007658  0.005289  ...  0.015692  0.096370  0.038196
P  0.056281  0.015764  0.010081  ...  0.001612  0.004172  0.019252
S  0.135957  0.025458  0.035011  ...  0.001911  0.007266  0.022061
T  0.077576  0.024498  0.025100  ...  0.002157  0.007831  0.058900
W  0.022194  0.019845  0.005894  ...  0.642967  0.061500  0.019469
Y  0.022378  0.017436  0.012339  ...  0.019891  0.577844  0.023039
V  0.073098  0.012458  0.006280  ...  0.002622  0.009594  0.437142

[20 rows x 20 columns]
SUM OVER A CHARACTER OF DESTINATION:

A    1.0
R    1.0
N    1.0
D    1.0
C    1.0
Q    1.0
E    1.0
G    1.0
H    1.0
I    1.0
L    1.0
K    1.0
M    1.0
F    1.0
P    1.0
S    1.0
T    1.0
W    1.0
Y    1.0
V    1.0
dtype: float64


table_2d_proba [40,50]
PSEUDO_COUNTER_2D: 0.1

          A         R         N  ...         W         Y         V
A  0.491141  0.023965  0.015412  ...  0.002767  0.008607  0.053664
R  0.045352  0.501930  0.023214  ...  0.004113  0.011483  0.021448
N  0.046162  0.036742  0.472164  ...  0.002370  0.012556  0.018347
D  0.043266  0.024559  0.047810  ...  0.001987  0.007201  0.013696
C  0.122224  0.016919  0.015625  ...  0.003018  0.013197  0.065665
Q  0.060236  0.068995  0.029990  ...  0.003152  0.012275  0.024837
E  0.062502  0.040077  0.025628  ...  0.002318  0.008602  0.021654
G  0.077250  0.015032  0.017259  ...  0.001797  0.005262  0.015104
H  0.036948  0.045626  0.039812  ...  0.006647  0.042877  0.019840
I  0.042574  0.013958  0.007829  ...  0.003553  0.011317  0.179102
L  0.040295  0.017704  0.007890  ...  0.004940  0.015539  0.079444
K  0.053613  0.126270  0.028303  ...  0.002638  0.009992  0.023371
M  0.048756  0.019617  0.012211  ...  0.004435  0.013759  0.066227
F  0.031125  0.011589  0.007736  ...  0.015231  0.091030  0.041181
P  0.060301  0.019032  0.012136  ...  0.002303  0.006375  0.023787
S  0.133458  0.027933  0.035026  ...  0.002577  0.009216  0.026367
T  0.079854  0.027051  0.025926  ...  0.002803  0.009735  0.060192
W  0.029003  0.022779  0.008291  ...  0.591183  0.059012  0.023987
Y  0.029172  0.020567  0.014209  ...  0.019086  0.533110  0.027264
V  0.075742  0.015996  0.008646  ...  0.003231  0.011353  0.407486

[20 rows x 20 columns]
SUM OVER A CHARACTER OF DESTINATION:

A    1.0
R    1.0
N    1.0
D    1.0
C    1.0
Q    1.0
E    1.0
G    1.0
H    1.0
I    1.0
L    1.0
K    1.0
M    1.0
F    1.0
P    1.0
S    1.0
T    1.0
W    1.0
Y    1.0
V    1.0
dtype: float64


table_2d_proba [40,50]
PSEUDO_COUNTER_2D: 1

          A         R         N  ...         W         Y         V
A  0.317565  0.038248  0.024314  ...  0.006049  0.018729  0.063125
R  0.072381  0.301129  0.028605  ...  0.006789  0.020311  0.045406
N  0.072827  0.045275  0.275528  ...  0.005830  0.020901  0.043701
D  0.071234  0.038574  0.042133  ...  0.005620  0.017956  0.041142
C  0.114661  0.034373  0.024431  ...  0.006186  0.021254  0.069725
Q  0.080567  0.063014  0.032332  ...  0.006260  0.020747  0.047270
E  0.081813  0.047109  0.029933  ...  0.005801  0.018727  0.045519
G  0.089925  0.033335  0.025330  ...  0.005515  0.016889  0.041917
H  0.067759  0.050161  0.037734  ...  0.008182  0.037578  0.044522
I  0.070853  0.032744  0.020144  ...  0.006481  0.020220  0.132116
L  0.069600  0.034804  0.020177  ...  0.007244  0.022542  0.077304
K  0.076925  0.094515  0.031404  ...  0.005977  0.019491  0.046464
M  0.074254  0.035856  0.022553  ...  0.006966  0.021563  0.070035
F  0.064556  0.031441  0.020092  ...  0.012904  0.064062  0.056259
P  0.080603  0.035535  0.022512  ...  0.005793  0.017502  0.046693
S  0.120839  0.040430  0.035101  ...  0.005944  0.019064  0.048111
T  0.091357  0.039945  0.030096  ...  0.006068  0.019350  0.066715
W  0.063389  0.037595  0.020397  ...  0.329677  0.046452  0.046803
Y  0.063482  0.036379  0.023652  ...  0.015024  0.307206  0.048605
V  0.089096  0.033865  0.020592  ...  0.006303  0.020240  0.257727

[20 rows x 20 columns]
SUM OVER A CHARACTER OF DESTINATION:

A    1.0
R    1.0
N    1.0
D    1.0
C    1.0
Q    1.0
E    1.0
G    1.0
H    1.0
I    1.0
L    1.0
K    1.0
M    1.0
F    1.0
P    1.0
S    1.0
T    1.0
W    1.0
Y    1.0
V    1.0
dtype: float64


table_2d_proba [40,50]
PSEUDO_COUNTER_2D: 10

          A         R         N  ...         W         Y         V
A  0.143989  0.052531  0.033216  ...  0.009330  0.028851  0.072586
R  0.099410  0.100327  0.033996  ...  0.009464  0.029139  0.069364
N  0.099491  0.053808  0.078891  ...  0.009290  0.029246  0.069054
D  0.099202  0.052590  0.036456  ...  0.009252  0.028711  0.068589
C  0.107097  0.051826  0.033237  ...  0.009355  0.029311  0.073786
Q  0.100899  0.057034  0.034674  ...  0.009368  0.029218  0.069703
E  0.101125  0.054142  0.034238  ...  0.009285  0.028851  0.069385
G  0.102600  0.051637  0.033401  ...  0.009233  0.028517  0.068730
H  0.098570  0.054697  0.035656  ...  0.009718  0.032279  0.069203
I  0.099133  0.051530  0.032458  ...  0.009408  0.029123  0.085129
L  0.098905  0.051905  0.032464  ...  0.009547  0.029545  0.075164
K  0.100236  0.062761  0.034505  ...  0.009317  0.028990  0.069556
M  0.099751  0.052096  0.032896  ...  0.009497  0.029367  0.073842
F  0.097988  0.051293  0.032448  ...  0.010576  0.037094  0.071337
P  0.100905  0.052037  0.032888  ...  0.009283  0.028628  0.069598
S  0.108221  0.052927  0.035177  ...  0.009311  0.028912  0.069856
T  0.102860  0.052839  0.034267  ...  0.009333  0.028964  0.073238
W  0.097775  0.052412  0.032504  ...  0.068171  0.033892  0.069618
Y  0.097792  0.052191  0.033096  ...  0.010962  0.081302  0.069946
V  0.102449  0.051734  0.032539  ...  0.009376  0.029126  0.107968

[20 rows x 20 columns]
SUM OVER A CHARACTER OF DESTINATION:

A    1.0
R    1.0
N    1.0
D    1.0
C    1.0
Q    1.0
E    1.0
G    1.0
H    1.0
I    1.0
L    1.0
K    1.0
M    1.0
F    1.0
P    1.0
S    1.0
T    1.0
W    1.0
Y    1.0
V    1.0
dtype: float64


table_2d_proba [40,50]
PSEUDO_COUNTER_2D: 100

          A         R         N  ...         W         Y         V
A  0.109618  0.055359  0.034979  ...  0.009980  0.030856  0.074459
R  0.104763  0.060564  0.035064  ...  0.009994  0.030887  0.074108
N  0.104771  0.055498  0.039953  ...  0.009975  0.030899  0.074074
D  0.104740  0.055365  0.035332  ...  0.009971  0.030841  0.074024
C  0.105600  0.055282  0.034981  ...  0.009982  0.030906  0.074590
Q  0.104925  0.055849  0.035137  ...  0.009984  0.030896  0.074145
E  0.104949  0.055534  0.035090  ...  0.009975  0.030856  0.074110
G  0.105110  0.055262  0.034999  ...  0.009969  0.030820  0.074039
H  0.104671  0.055595  0.035244  ...  0.010022  0.031229  0.074091
I  0.104732  0.055250  0.034896  ...  0.009988  0.030885  0.075825
L  0.104708  0.055291  0.034897  ...  0.010003  0.030931  0.074740
K  0.104853  0.056473  0.035119  ...  0.009978  0.030871  0.074129
M  0.104800  0.055312  0.034944  ...  0.009998  0.030912  0.074596
F  0.104608  0.055224  0.034895  ...  0.010115  0.031754  0.074323
P  0.104925  0.055305  0.034943  ...  0.009975  0.030832  0.074134
S  0.105722  0.055402  0.035192  ...  0.009977  0.030863  0.074162
T  0.105138  0.055393  0.035093  ...  0.009980  0.030868  0.074530
W  0.104585  0.055346  0.034901  ...  0.016388  0.031405  0.074136
Y  0.104586  0.055322  0.034966  ...  0.010157  0.036568  0.074171
V  0.105094  0.055272  0.034905  ...  0.009985  0.030886  0.078312

[20 rows x 20 columns]
SUM OVER A CHARACTER OF DESTINATION:

A    1.0
R    1.0
N    1.0
D    1.0
C    1.0
Q    1.0
E    1.0
G    1.0
H    1.0
I    1.0
L    1.0
K    1.0
M    1.0
F    1.0
P    1.0
S    1.0
T    1.0
W    1.0
Y    1.0
V    1.0
dtype: float64


table_2d_proba [40,50]
PSEUDO_COUNTER_2D: 1000

          A         R         N  ...         W         Y         V
A  0.105841  0.055670  0.035172  ...  0.010051  0.031076  0.074665
R  0.105351  0.056195  0.035181  ...  0.010052  0.031079  0.074629
N  0.105352  0.055684  0.035674  ...  0.010051  0.031081  0.074626
D  0.105348  0.055670  0.035208  ...  0.010050  0.031075  0.074621
C  0.105435  0.055662  0.035173  ...  0.010051  0.031081  0.074678
Q  0.105367  0.055719  0.035188  ...  0.010051  0.031080  0.074633
E  0.105370  0.055687  0.035184  ...  0.010050  0.031076  0.074630
G  0.105386  0.055660  0.035174  ...  0.010050  0.031073  0.074622
H  0.105342  0.055694  0.035199  ...  0.010055  0.031114  0.074628
I  0.105348  0.055659  0.035164  ...  0.010052  0.031079  0.074803
L  0.105345  0.055663  0.035164  ...  0.010053  0.031084  0.074693
K  0.105360  0.055782  0.035187  ...  0.010051  0.031078  0.074632
M  0.105354  0.055665  0.035169  ...  0.010053  0.031082  0.074679
F  0.105335  0.055656  0.035164  ...  0.010065  0.031167  0.074651
P  0.105367  0.055664  0.035169  ...  0.010050  0.031074  0.074632
S  0.105448  0.055674  0.035194  ...  0.010051  0.031077  0.074635
T  0.105389  0.055673  0.035184  ...  0.010051  0.031077  0.074672
W  0.105333  0.055668  0.035165  ...  0.010698  0.031132  0.074632
Y  0.105333  0.055666  0.035171  ...  0.010069  0.031653  0.074636
V  0.105384  0.055661  0.035165  ...  0.010051  0.031079  0.075054

[20 rows x 20 columns]
SUM OVER A CHARACTER OF DESTINATION:

A    1.0
R    1.0
N    1.0
D    1.0
C    1.0
Q    1.0
E    1.0
G    1.0
H    1.0
I    1.0
L    1.0
K    1.0
M    1.0
F    1.0
P    1.0
S    1.0
T    1.0
W    1.0
Y    1.0
V    1.0
dtype: float64

DONE IN: 12.54 s
